[23/01/25 07:36:16] xXRafaelo INITIATED_INSTALL KeepChunks from HANGAR with ID 667c322c64b550bf31f1b558
[23/01/25 07:36:16] xXRafaelo INSTALL KeepChunks from HANGAR with ID 667c322c64b550bf31f1b558
[23/01/25 07:36:28] xXRafaelo INITIATED_INSTALL KeepInventoryIndividual from HANGAR with ID 6680bcb28a9124548aed6ff4
[23/01/25 07:36:29] xXRafaelo INSTALL KeepInventoryIndividual from HANGAR with ID 6680bcb28a9124548aed6ff4
[23/01/25 07:36:40] xXRafaelo DELETE KeepChunks from HANGAR with ID KeepChunks
[23/01/25 07:37:16] xXRafaelo INITIATED_INSTALL Multiverse-Core from HANGAR with ID 667c31e064b550bf31f1b31e
[23/01/25 07:37:16] xXRafaelo INSTALL Multiverse-Core from HANGAR with ID 667c31e064b550bf31f1b31e
[23/01/25 07:38:29] xXRafaelo INITIATED_INSTALL Multiverse-Portals from HANGAR with ID 667c31ea64b550bf31f1b384
[23/01/25 07:38:29] xXRafaelo INSTALL Multiverse-Portals from HANGAR with ID 667c31ea64b550bf31f1b384
[23/01/25 07:40:58] SYSTEM LOAD_PLUGINS Loaded 4 plugins from local cache
[23/01/25 08:04:57] SYSTEM NOTICED_DELETE of KeepInventoryIndividual (KeepInventoryIndividual) while Plugin Portal was Disabled.
[23/01/25 08:04:57] SYSTEM LOAD_PLUGINS Loaded 4 plugins from local cache
[23/01/25 08:08:20] SYSTEM LOAD_PLUGINS Loaded 3 plugins from local cache
[23/01/25 08:11:50] SYSTEM LOAD_PLUGINS Loaded 3 plugins from local cache
[23/01/25 08:14:40] SYSTEM LOAD_PLUGINS Loaded 3 plugins from local cache
[23/01/25 08:47:54] SYSTEM LOAD_PLUGINS Loaded 3 plugins from local cache
[23/01/25 09:07:43] SYSTEM LOAD_PLUGINS Loaded 3 plugins from local cache
[23/01/25 09:13:43] SYSTEM LOAD_PLUGINS Loaded 3 plugins from local cache
[23/01/25 09:15:27] SYSTEM LOAD_PLUGINS Loaded 3 plugins from local cache
[23/01/25 09:16:56] SYSTEM LOAD_PLUGINS Loaded 3 plugins from local cache
[23/01/25 09:27:36] SYSTEM LOAD_PLUGINS Loaded 3 plugins from local cache
